[debug] [2024-08-30T07:53:13.942Z] ----------------------------------------------------------------------
[debug] [2024-08-30T07:53:13.946Z] Command:       C:\Program Files\nodejs\node.exe C:\Users\SeyamSarkar\AppData\Roaming\npm\node_modules\firebase-tools\lib\bin\firebase.js init hosting
[debug] [2024-08-30T07:53:13.947Z] CLI Version:   13.16.0
[debug] [2024-08-30T07:53:13.947Z] Platform:      win32
[debug] [2024-08-30T07:53:13.947Z] Node Version:  v20.16.0
[debug] [2024-08-30T07:53:13.948Z] Time:          Fri Aug 30 2024 13:53:13 GMT+0600 (Kyrgyzstan Time)
[debug] [2024-08-30T07:53:13.948Z] ----------------------------------------------------------------------
[debug] 
[debug] [2024-08-30T07:53:13.957Z] > command requires scopes: ["email","openid","https://www.googleapis.com/auth/cloudplatformprojects.readonly","https://www.googleapis.com/auth/firebase","https://www.googleapis.com/auth/cloud-platform"]
[debug] [2024-08-30T07:53:13.958Z] > authorizing via signed-in user (cyberxbd1@gmail.com)
[info] 
     ######## #### ########  ######## ########     ###     ######  ########
     ##        ##  ##     ## ##       ##     ##  ##   ##  ##       ##
     ######    ##  ########  ######   ########  #########  ######  ######
     ##        ##  ##    ##  ##       ##     ## ##     ##       ## ##
     ##       #### ##     ## ######## ########  ##     ##  ######  ########

You're about to initialize a Firebase project in this directory:

  C:\Users\SeyamSarkar\Downloads\andromeda-light-nextjs-main\andromeda-light-nextjs-main

[info] 
=== Project Setup
[info] 
[info] First, let's associate this project directory with a Firebase project.
[info] You can create multiple project aliases by running firebase use --add, 
[info] but for now we'll just set up a default project.
[info] 
[debug] [2024-08-30T07:53:19.957Z] > refreshing access token with scopes: []
[debug] [2024-08-30T07:53:19.960Z] >>> [apiv2][query] POST https://www.googleapis.com/oauth2/v3/token [none]
[debug] [2024-08-30T07:53:19.960Z] >>> [apiv2][body] POST https://www.googleapis.com/oauth2/v3/token [omitted]
[debug] [2024-08-30T07:53:20.269Z] <<< [apiv2][status] POST https://www.googleapis.com/oauth2/v3/token 200
[debug] [2024-08-30T07:53:20.270Z] <<< [apiv2][body] POST https://www.googleapis.com/oauth2/v3/token [omitted]
[debug] [2024-08-30T07:53:20.284Z] >>> [apiv2][query] GET https://firebase.googleapis.com/v1beta1/projects pageSize=100
[debug] [2024-08-30T07:53:21.060Z] <<< [apiv2][status] GET https://firebase.googleapis.com/v1beta1/projects 200
[debug] [2024-08-30T07:53:21.061Z] <<< [apiv2][body] GET https://firebase.googleapis.com/v1beta1/projects [omitted]
